All houses founded:  23
All houses founded:  23
6400000000 100000000
[6400000000 100000000]
5600000000 91803000
[5600000000 91803000]
All houses founded:  23
5380000000 86774000
[5380000000 86774000]
Cannot retrive price form divar site ...
All houses founded:  23
5400000000 79411000
[5400000000 79411000]
7450000000 112878000
[7450000000 112878000]
All houses founded:  23
3900000000 65000000
[3900000000 65000000]
Cannot retrive price form divar site ...
All houses founded:  23
6350000000 97692000
[6350000000 97692000]
8000000000 121212000
[8000000000 121212000]
All houses founded:  23
4800000000 75000000
[4800000000 75000000]
5900000000 84285000
[5900000000 84285000]
All houses founded:  23
5550000000 90983000
[5550000000 90983000]
Cannot http call with error:  Get "https://divar.ir/v/%D8%A2%D9%BE%D8%A7%D8%B1%D8%AA%D9%85%D8%A7%D9%86-%DB%B6%DB%B2-%D9%85%D8%AA%D8%B1-%DB%B2-%D8%AE%D9%88%D8%A7%D8%A8-%D9%81%D9%88%D9%84-%D9%85%D8%B8%D9%81%D8%B1%DB%8C-%D8%A7%D8%B1%D8%B2%D9%86%D8%AF%D9%87/wZkS7LAG": read tcp 192.168.1.100:58236->185.166.104.3:443: read: operation timed out
panic: runtime error: invalid memory address or nil pointer dereference
[signal SIGSEGV: segmentation violation code=0x2 addr=0x48 pc=0x102417358]

goroutine 1 [running]:
main.httpGet({0x14000026230, 0x63}, {0x1024186e0, 0x6})
	/Users/Shared/codes.dir/go.dir/git.dir/ti-idf/cmd/jobs/web_crawler/house_crawler/house_crawler.go:78 +0xe8
main.main()
	/Users/Shared/codes.dir/go.dir/git.dir/ti-idf/cmd/jobs/web_crawler/house_crawler/house_crawler.go:47 +0x1f8
exit status 2
Cannot retrive price form divar site ...
Cannot retrive price form divar site ...
Cannot retrive price form divar site ...
Cannot retrive price form divar site ...
All houses founded:  23
6500000000 92857000
[6500000000 92857000]
Cannot retrive price form divar site ...
All houses founded:  23
5200000000 77611000
[5200000000 77611000]
Cannot retrive price form divar site ...
Cannot retrive price form divar site ...
Cannot retrive price form divar site ...
Cannot retrive price form divar site ...
Cannot retrive price form divar site ...
Cannot retrive price form divar site ...
Cannot retrive price form divar site ...
Cannot retrive price form divar site ...
Cannot retrive price form divar site ...
Cannot retrive price form divar site ...
Cannot retrive price form divar site ...
Cannot retrive price form divar site ...
All houses founded:  23
6800000000 97142000
[6800000000 97142000]
Cannot retrive price form divar site ...
All houses founded:  23
Cannot retrive price form divar site ...
All houses founded:  23
Cannot retrive price form divar site ...
All houses founded:  23
6400000000 100000000
[6400000000 100000000]
Cannot retrive price form divar site ...
All houses founded:  23
5600000000 91803000
[5600000000 91803000]
Cannot retrive price form divar site ...
All houses founded:  23
Cannot http call with error:  Get "https://divar.ir/v/%DB%B6%DB%B2-%D9%85%D8%AA%D8%B1-%DB%B2%D8%AE%D9%88%D8%A7%D8%A8-%D8%A8%D8%A7%D8%B2%D8%B3%D8%A7%D8%B2%DB%8C-%D8%B4%D8%AF%D9%87-%DA%AF%D8%B0%D8%B1-%DA%A9%D9%88%DA%86%D9%87-%D9%BE%D9%87%D9%86-/wZwul34D": read tcp 192.168.1.100:59477->185.166.104.3:443: read: operation timed out
panic: runtime error: invalid memory address or nil pointer dereference
[signal SIGSEGV: segmentation violation code=0x2 addr=0x48 pc=0x1030e3358]

goroutine 1 [running]:
main.httpGet({0x1400015c840, 0x60}, {0x1030e46e0, 0x6})
	/Users/Shared/codes.dir/go.dir/git.dir/ti-idf/cmd/jobs/web_crawler/house_crawler/house_crawler.go:78 +0xe8
main.main()
	/Users/Shared/codes.dir/go.dir/git.dir/ti-idf/cmd/jobs/web_crawler/house_crawler/house_crawler.go:47 +0x1f8
exit status 2
Cannot retrive price form divar site ...
Cannot retrive price form divar site ...
Cannot retrive price form divar site ...
Cannot retrive price form divar site ...
Cannot retrive price form divar site ...
Cannot retrive price form divar site ...
Cannot retrive price form divar site ...
Cannot retrive price form divar site ...
Cannot retrive price form divar site ...
All houses founded:  23
7100000000 116393000
[7100000000 116393000]
Cannot retrive price form divar site ...
Cannot retrive price form divar site ...
Cannot retrive price form divar site ...
Cannot retrive price form divar site ...
Cannot retrive price form divar site ...
Cannot retrive price form divar site ...
Cannot retrive price form divar site ...
Cannot retrive price form divar site ...
Cannot retrive price form divar site ...
Cannot retrive price form divar site ...
Cannot retrive price form divar site ...
Cannot retrive price form divar site ...
All houses founded:  23
6950000000 113934000
[6950000000 113934000]
Cannot retrive price form divar site ...
Cannot retrive price form divar site ...
Cannot http call with error:  Get "https://divar.ir/s/tehran/buy-apartment/west-tehran-pars?size=60-70": read tcp 192.168.1.100:60615->185.143.234.120:443: read: operation timed out
panic: runtime error: invalid memory address or nil pointer dereference
[signal SIGSEGV: segmentation violation code=0x2 addr=0x48 pc=0x1029c3358]

goroutine 1 [running]:
main.httpGet({0x1029d8c5b, 0x43}, {0x1029c57fb, 0xa})
	/Users/Shared/codes.dir/go.dir/git.dir/ti-idf/cmd/jobs/web_crawler/house_crawler/house_crawler.go:78 +0xe8
main.main()
	/Users/Shared/codes.dir/go.dir/git.dir/ti-idf/cmd/jobs/web_crawler/house_crawler/house_crawler.go:33 +0x3c
exit status 2
All houses founded:  23
7740000000 119076000
[7740000000 119076000]
6400000000 100000000
[6400000000 100000000]
All houses founded:  23
All houses founded:  23
5300000000 84126000
[5300000000 84126000]
6950000000 113934000
[6950000000 113934000]
All houses founded:  23
7100000000 116393000
[7100000000 116393000]
5200000000 77611000
[5200000000 77611000]
All houses founded:  23
7740000000 119076000
[7740000000 119076000]
Cannot retrive price form divar site ...
All houses founded:  23
6400000000 100000000
[6400000000 100000000]
Cannot retrive price form divar site ...
All houses founded:  23
5300000000 84126000
[5300000000 84126000]
Cannot retrive price form divar site ...
All houses founded:  23
5300000000 84126000
[5300000000 84126000]
Cannot retrive price form divar site ...
All houses founded:  23
6950000000 113934000
[6950000000 113934000]
Cannot retrive price form divar site ...
All houses founded:  23
Cannot retrive price form divar site ...
All houses founded:  23
5200000000 77611000
[5200000000 77611000]
Cannot retrive price form divar site ...
Cannot retrive price form divar site ...
All houses founded:  23
Cannot retrive price form divar site ...
All houses founded:  23
Cannot retrive price form divar site ...
All houses founded:  23
Cannot retrive price form divar site ...
Cannot retrive price form divar site ...
All houses founded:  23
Cannot retrive price form divar site ...
Cannot read as byte:  read tcp 192.168.1.100:52890->185.143.234.120:443: read: operation timed out
7450000000 112878000
[7450000000 112878000]
3900000000 65000000
[3900000000 65000000]
